\BOOKMARK [1][-]{section.1}{\376\377\000I\000n\000t\000r\000o\000d\000u\000c\000t\000i\000o\000n}{}% 1
\BOOKMARK [2][-]{subsection.1.1}{\376\377\000P\000r\000o\000n\000u\000n\000c\000i\000a\000t\000i\000o\000n\000\040\000a\000n\000d\000\040\000S\000p\000e\000l\000l\000i\000n\000g}{section.1}% 2
\BOOKMARK [2][-]{subsection.1.2}{\376\377\000L\000a\000n\000g\000u\000a\000g\000e\000\040\000S\000t\000r\000u\000c\000t\000u\000r\000e\000s}{section.1}% 3
\BOOKMARK [3][-]{subsubsection.1.2.1}{\376\377\000M\000a\000c\000r\000o\000s}{subsection.1.2}% 4
\BOOKMARK [3][-]{subsubsection.1.2.2}{\376\377\000E\000n\000v\000i\000r\000o\000n\000m\000e\000n\000t\000s}{subsection.1.2}% 5
\BOOKMARK [1][-]{section.2}{\376\377\000B\000a\000s\000i\000c\000\040\000S\000t\000r\000u\000c\000t\000u\000r\000e}{}% 6
\BOOKMARK [2][-]{subsection.2.1}{\376\377\000S\000e\000c\000t\000i\000o\000n\000s}{section.2}% 7
\BOOKMARK [2][-]{subsection.2.2}{\376\377\000S\000u\000b\000s\000e\000c\000t\000i\000o\000n\000s}{section.2}% 8
\BOOKMARK [3][-]{subsubsection.2.2.1}{\376\377\000S\000u\000b\000s\000u\000b\000s\000e\000c\000t\000i\000o\000n}{subsection.2.2}% 9
\BOOKMARK [2][-]{section*.4}{\376\377\000U\000n\000u\000m\000b\000e\000r\000e\000d\000\040\000s\000e\000c\000t\000i\000o\000n\000s}{section.2}% 10
\BOOKMARK [2][-]{subsection.2.3}{\376\377\000L\000i\000s\000t\000s}{section.2}% 11
\BOOKMARK [1][-]{section.3}{\376\377\000M\000a\000t\000h\000s}{}% 12
\BOOKMARK [1][-]{section.4}{\376\377\000F\000i\000g\000u\000r\000e\000s\000,\000\040\000T\000a\000b\000l\000e\000s\000,\000\040\000a\000n\000d\000\040\000C\000o\000d\000e}{}% 13
\BOOKMARK [2][-]{subsection.4.1}{\376\377\000R\000e\000f\000e\000r\000e\000n\000c\000e\000s\000\040\000\046\000\040\000L\000a\000b\000e\000l\000s}{section.4}% 14
\BOOKMARK [2][-]{subsection.4.2}{\376\377\000L\000a\000T\000e\000X\000\040\000\050\000u\000s\000u\000a\000l\000l\000y\000\051\000\040\000k\000n\000o\000w\000s\000\040\000b\000e\000t\000t\000e\000r\000\040\000t\000h\000a\000n\000\040\000y\000o\000u}{section.4}% 15
\BOOKMARK [1][-]{section.5}{\376\377\000C\000i\000t\000a\000t\000i\000o\000n\000s}{}% 16
\BOOKMARK [1][-]{section.6}{\376\377\000O\000t\000h\000e\000r\000\040\000U\000s\000e\000\040\000C\000a\000s\000e\000s}{}% 17
\BOOKMARK [2][-]{subsection.6.1}{\376\377\000I\000n\000-\000P\000l\000a\000c\000e\000\040\000D\000i\000a\000g\000r\000a\000m\000s}{section.6}% 18
\BOOKMARK [2][-]{subsection.6.2}{\376\377\000C\000i\000r\000c\000u\000i\000t\000\040\000D\000i\000a\000g\000r\000a\000m\000s}{section.6}% 19
\BOOKMARK [2][-]{subsection.6.3}{\376\377\000M\000a\000t\000r\000i\000c\000e\000s\000/\000V\000e\000c\000t\000o\000r\000s}{section.6}% 20
\BOOKMARK [1][-]{section.7}{\376\377\000O\000t\000h\000e\000r\000\040\000R\000e\000s\000o\000u\000r\000c\000e\000s}{}% 21
